<?xml version="1.0" encoding="UTF-8"?>
<!-- Generated by org.testng.reporters.JUnitXMLReporter -->
<testsuite ignored="0" hostname="DESKTOP-01MVVVO" failures="0" tests="21" name="Default test" time="0.113" errors="0" timestamp="2023-03-11T09:23:38 EST">
  <testcase classname="project2.project2.base" name="@BeforeTest setupApplication" time="-1.678544618609E9">
    <failure type="org.testng.TestNGException" message="
Parameter &amp;apos;browser&amp;apos; is required by BeforeTest on method setupApplication but has not been marked @Optional or defined
in C:\Users\Junghwan Shin\AppData\Local\Temp\testng-eclipse--81942932\testng-customsuite.xml">
      <![CDATA[org.testng.TestNGException: 
Parameter 'browser' is required by BeforeTest on method setupApplication but has not been marked @Optional or defined
in C:\Users\Junghwan Shin\AppData\Local\Temp\testng-eclipse--81942932\testng-customsuite.xml
at org.testng.internal.Parameters.createParams(Parameters.java:270)
at org.testng.internal.Parameters.createParametersForMethod(Parameters.java:358)
at org.testng.internal.Parameters.createParameters(Parameters.java:700)
at org.testng.internal.Parameters.createConfigurationParameters(Parameters.java:168)
at org.testng.internal.ConfigInvoker.invokeConfigurations(ConfigInvoker.java:302)
at org.testng.TestRunner.invokeTestConfigurations(TestRunner.java:637)
at org.testng.TestRunner.beforeRun(TestRunner.java:627)
at org.testng.TestRunner.run(TestRunner.java:589)
at org.testng.SuiteRunner.runTest(SuiteRunner.java:377)
at org.testng.SuiteRunner.runSequentially(SuiteRunner.java:371)
at org.testng.SuiteRunner.privateRun(SuiteRunner.java:332)
at org.testng.SuiteRunner.run(SuiteRunner.java:276)
at org.testng.SuiteRunnerWorker.runSuite(SuiteRunnerWorker.java:53)
at org.testng.SuiteRunnerWorker.run(SuiteRunnerWorker.java:96)
at org.testng.TestNG.runSuitesSequentially(TestNG.java:1212)
at org.testng.TestNG.runSuitesLocally(TestNG.java:1134)
at org.testng.TestNG.runSuites(TestNG.java:1063)
at org.testng.TestNG.run(TestNG.java:1031)
at org.testng.remote.AbstractRemoteTestNG.run(AbstractRemoteTestNG.java:115)
at org.testng.remote.RemoteTestNG.initAndRun(RemoteTestNG.java:251)
at org.testng.remote.RemoteTestNG.main(RemoteTestNG.java:77)
]]>
    </failure>
  </testcase> <!-- @BeforeTest setupApplication -->
  <testcase classname="project2.project2.Main" name="@AfterTest afTest" time="0.0">
    <failure type="java.lang.NullPointerException" message="Cannot invoke &amp;quot;org.openqa.selenium.WebDriver.quit()&amp;quot; because &amp;quot;project2.project2.Main.driver&amp;quot; is null">
      <![CDATA[java.lang.NullPointerException: Cannot invoke "org.openqa.selenium.WebDriver.quit()" because "project2.project2.Main.driver" is null
at project2.project2.Main.afTest(Main.java:530)
at java.base/jdk.internal.reflect.NativeMethodAccessorImpl.invoke0(Native Method)
at java.base/jdk.internal.reflect.NativeMethodAccessorImpl.invoke(NativeMethodAccessorImpl.java:62)
at java.base/jdk.internal.reflect.DelegatingMethodAccessorImpl.invoke(DelegatingMethodAccessorImpl.java:43)
at java.base/java.lang.reflect.Method.invoke(Method.java:564)
at org.testng.internal.MethodInvocationHelper.invokeMethod(MethodInvocationHelper.java:133)
at org.testng.internal.MethodInvocationHelper.invokeMethodConsideringTimeout(MethodInvocationHelper.java:62)
at org.testng.internal.ConfigInvoker.invokeConfigurationMethod(ConfigInvoker.java:385)
at org.testng.internal.ConfigInvoker.invokeConfigurations(ConfigInvoker.java:321)
at org.testng.TestRunner.invokeTestConfigurations(TestRunner.java:637)
at org.testng.TestRunner.afterRun(TestRunner.java:877)
at org.testng.TestRunner.run(TestRunner.java:599)
at org.testng.SuiteRunner.runTest(SuiteRunner.java:377)
at org.testng.SuiteRunner.runSequentially(SuiteRunner.java:371)
at org.testng.SuiteRunner.privateRun(SuiteRunner.java:332)
at org.testng.SuiteRunner.run(SuiteRunner.java:276)
at org.testng.SuiteRunnerWorker.runSuite(SuiteRunnerWorker.java:53)
at org.testng.SuiteRunnerWorker.run(SuiteRunnerWorker.java:96)
at org.testng.TestNG.runSuitesSequentially(TestNG.java:1212)
at org.testng.TestNG.runSuitesLocally(TestNG.java:1134)
at org.testng.TestNG.runSuites(TestNG.java:1063)
at org.testng.TestNG.run(TestNG.java:1031)
at org.testng.remote.AbstractRemoteTestNG.run(AbstractRemoteTestNG.java:115)
at org.testng.remote.RemoteTestNG.initAndRun(RemoteTestNG.java:251)
at org.testng.remote.RemoteTestNG.main(RemoteTestNG.java:77)
]]>
    </failure>
  </testcase> <!-- @AfterTest afTest -->
  <testcase classname="project2.project2.base" name="@AfterTest closeApplication" time="-1.678544618715E9">
    <skipped/>
  </testcase> <!-- @AfterTest closeApplication -->
  <testcase classname="project2.project2.Main" name="test_case_01" time="0.0">
    <skipped/>
  </testcase> <!-- test_case_01 -->
  <testcase classname="project2.project2.Main" name="test_case_02" time="0.0">
    <skipped/>
  </testcase> <!-- test_case_02 -->
  <testcase classname="project2.project2.Main" name="test_case_03" time="0.0">
    <skipped/>
  </testcase> <!-- test_case_03 -->
  <testcase classname="project2.project2.Main" name="test_case_04" time="0.0">
    <skipped/>
  </testcase> <!-- test_case_04 -->
  <testcase classname="project2.project2.Main" name="test_case_05" time="0.0">
    <skipped/>
  </testcase> <!-- test_case_05 -->
  <testcase classname="project2.project2.Main" name="test_case_06" time="0.0">
    <skipped/>
  </testcase> <!-- test_case_06 -->
  <testcase classname="project2.project2.Main" name="test_case_07" time="0.0">
    <skipped/>
  </testcase> <!-- test_case_07 -->
  <testcase classname="project2.project2.Main" name="test_case_08" time="0.0">
    <skipped/>
  </testcase> <!-- test_case_08 -->
  <testcase classname="project2.project2.Main" name="test_case_08_1" time="0.0">
    <skipped/>
  </testcase> <!-- test_case_08_1 -->
  <testcase classname="project2.project2.Main" name="test_case_09" time="0.0">
    <skipped/>
  </testcase> <!-- test_case_09 -->
  <testcase classname="project2.project2.Main" name="test_case_10" time="0.0">
    <skipped/>
  </testcase> <!-- test_case_10 -->
  <testcase classname="project2.project2.Main" name="test_case_11" time="0.0">
    <skipped/>
  </testcase> <!-- test_case_11 -->
  <testcase classname="project2.project2.Main" name="test_case_12" time="0.0">
    <skipped/>
  </testcase> <!-- test_case_12 -->
  <testcase classname="project2.project2.Main" name="test_case_13" time="0.0">
    <skipped/>
  </testcase> <!-- test_case_13 -->
  <testcase classname="project2.project2.Main" name="test_case_14" time="0.0">
    <skipped/>
  </testcase> <!-- test_case_14 -->
  <testcase classname="project2.project2.Main" name="test_case_15" time="0.0">
    <skipped/>
  </testcase> <!-- test_case_15 -->
  <testcase classname="project2.project2.Main" name="test_case_16" time="0.0">
    <skipped/>
  </testcase> <!-- test_case_16 -->
  <testcase classname="project2.project2.Main" name="test_case_17" time="0.0">
    <skipped/>
  </testcase> <!-- test_case_17 -->
  <testcase classname="project2.project2.Main" name="test_case_18" time="0.0">
    <skipped/>
  </testcase> <!-- test_case_18 -->
  <testcase classname="project2.project2.Main" name="test_case_19" time="0.0">
    <skipped/>
  </testcase> <!-- test_case_19 -->
  <testcase classname="project2.project2.Main" name="test_case_20" time="0.0">
    <skipped/>
  </testcase> <!-- test_case_20 -->
</testsuite> <!-- Default test -->
