<?xml version="1.0" encoding="UTF-8"?>
<testng-results ignored="20" total="21" passed="0" failed="1" skipped="0">
  <reporter-output>
    <line>
      <![CDATA[=====Browser Session Started===== Main class]]>
    </line>
    <line>
      <![CDATA[=====Application Started=====]]>
    </line>
  </reporter-output>
  <suite started-at="2023-03-11T13:14:06 EST" name="Suite" finished-at="2023-03-11T13:14:22 EST" duration-ms="15814">
    <groups>
      <group name="TC01">
        <method signature="Main.test_case_01(java.lang.String,java.lang.String)[pri:0, instance:project2.project2.Main@74e52ef6]" name="test_case_01" class="project2.project2.Main"/>
      </group> <!-- TC01 -->
    </groups>
    <test started-at="2023-03-11T13:14:06 EST" name="ChromeTest" finished-at="2023-03-11T13:14:22 EST" duration-ms="15814">
      <class name="project2.project2.Main">
        <test-method is-config="true" signature="setupApplication(java.lang.String)[pri:0, instance:project2.project2.Main@74e52ef6]" started-at="2023-03-11T13:14:06 EST" name="setupApplication" finished-at="2023-03-11T13:14:09 EST" duration-ms="3041" status="PASS">
          <params>
            <param index="0">
              <value>
                <![CDATA[Chrome]]>
              </value>
            </param>
          </params>
          <reporter-output>
            <line>
              <![CDATA[=====Browser Session Started===== Main class]]>
            </line>
            <line>
              <![CDATA[=====Application Started=====]]>
            </line>
          </reporter-output>
        </test-method> <!-- setupApplication -->
        <test-method signature="test_case_01(java.lang.String,java.lang.String)[pri:0, instance:project2.project2.Main@74e52ef6]" started-at="2023-03-11T13:14:09 EST" name="test_case_01" data-provider="data-provider" finished-at="2023-03-11T13:14:21 EST" duration-ms="11813" status="FAIL">
          <params>
            <param index="0">
              <value>
                <![CDATA[standard_user]]>
              </value>
            </param>
            <param index="1">
              <value>
                <![CDATA[secret_sauce]]>
              </value>
            </param>
          </params>
          <exception class="java.lang.AssertionError">
            <message>
              <![CDATA[expected [Swag Labs] but found [Swag Labs (Fail purpose)]]]>
            </message>
            <full-stacktrace>
              <![CDATA[java.lang.AssertionError: expected [Swag Labs] but found [Swag Labs (Fail purpose)]
at org.testng.Assert.fail(Assert.java:99)
at org.testng.Assert.failNotEquals(Assert.java:1037)
at org.testng.Assert.assertEqualsImpl(Assert.java:140)
at org.testng.Assert.assertEquals(Assert.java:122)
at org.testng.Assert.assertEquals(Assert.java:629)
at org.testng.Assert.assertEquals(Assert.java:639)
at project2.project2.Main.test_case_01(Main.java:143)
at java.base/jdk.internal.reflect.NativeMethodAccessorImpl.invoke0(Native Method)
at java.base/jdk.internal.reflect.NativeMethodAccessorImpl.invoke(NativeMethodAccessorImpl.java:62)
at java.base/jdk.internal.reflect.DelegatingMethodAccessorImpl.invoke(DelegatingMethodAccessorImpl.java:43)
at java.base/java.lang.reflect.Method.invoke(Method.java:564)
at org.testng.internal.MethodInvocationHelper.invokeMethod(MethodInvocationHelper.java:133)
at org.testng.internal.TestInvoker.invokeMethod(TestInvoker.java:598)
at org.testng.internal.TestInvoker.invokeTestMethod(TestInvoker.java:173)
at org.testng.internal.MethodRunner.runInSequence(MethodRunner.java:46)
at org.testng.internal.TestInvoker$MethodInvocationAgent.invoke(TestInvoker.java:824)
at org.testng.internal.TestInvoker.invokeTestMethods(TestInvoker.java:146)
at org.testng.internal.TestMethodWorker.invokeTestMethods(TestMethodWorker.java:146)
at org.testng.internal.TestMethodWorker.run(TestMethodWorker.java:128)
at java.base/java.util.ArrayList.forEach(ArrayList.java:1510)
at org.testng.TestRunner.privateRun(TestRunner.java:794)
at org.testng.TestRunner.run(TestRunner.java:596)
at org.testng.SuiteRunner.runTest(SuiteRunner.java:377)
at org.testng.SuiteRunner.runSequentially(SuiteRunner.java:371)
at org.testng.SuiteRunner.privateRun(SuiteRunner.java:332)
at org.testng.SuiteRunner.run(SuiteRunner.java:276)
at org.testng.SuiteRunnerWorker.runSuite(SuiteRunnerWorker.java:53)
at org.testng.SuiteRunnerWorker.run(SuiteRunnerWorker.java:96)
at org.testng.TestNG.runSuitesSequentially(TestNG.java:1212)
at org.testng.TestNG.runSuitesLocally(TestNG.java:1134)
at org.testng.TestNG.runSuites(TestNG.java:1063)
at org.testng.TestNG.run(TestNG.java:1031)
at org.testng.remote.AbstractRemoteTestNG.run(AbstractRemoteTestNG.java:115)
at org.testng.remote.RemoteTestNG.initAndRun(RemoteTestNG.java:251)
at org.testng.remote.RemoteTestNG.main(RemoteTestNG.java:77)
]]>
            </full-stacktrace>
          </exception> <!-- java.lang.AssertionError -->
          <reporter-output>
          </reporter-output>
        </test-method> <!-- test_case_01 -->
        <test-method is-config="true" signature="afTest()[pri:0, instance:project2.project2.Main@74e52ef6]" started-at="2023-03-11T13:14:21 EST" name="afTest" finished-at="2023-03-11T13:14:22 EST" duration-ms="688" status="PASS">
          <reporter-output>
          </reporter-output>
        </test-method> <!-- afTest -->
      </class> <!-- project2.project2.Main -->
    </test> <!-- ChromeTest -->
  </suite> <!-- Suite -->
</testng-results>
